<?xml version="1.0" encoding="UTF-8"?>
<!-- Generated by org.testng.reporters.JUnitReportReporter -->
<testsuite hostname="DESKTOP-CFATBVO" failures="0" tests="1" name="com.Mystore.TestCases.TC_SearchResultPageTest_005" time="12.888" errors="0" timestamp="2022-06-27T12:51:51 IST" skipped="0">
  <testcase classname="com.Mystore.TestCases.TC_SearchResultPageTest_005" name="verifySearchProduct" time="12.888"/>
  <system-out/>
</testsuite> <!-- com.Mystore.TestCases.TC_SearchResultPageTest_005 -->
