<?xml version="1.0" encoding="UTF-8"?>
<!-- Generated by org.testng.reporters.JUnitReportReporter -->
<testsuite hostname="DESKTOP-CFATBVO" failures="0" tests="1" name="com.Mystore.TestCases.TC_AddTOCartTest_006" time="42.176" errors="0" timestamp="2022-06-27T13:12:47 IST" skipped="0">
  <testcase classname="com.Mystore.TestCases.TC_AddTOCartTest_006" name="verifyAddTOCart" time="42.176"/>
  <system-out/>
</testsuite> <!-- com.Mystore.TestCases.TC_AddTOCartTest_006 -->
