<?xml version="1.0" encoding="UTF-8"?>
<!-- Generated by org.testng.reporters.JUnitReportReporter -->
<testsuite hostname="DESKTOP-CFATBVO" failures="0" tests="1" name="com.Mystore.TestCases.TC_AccountCreateTest_004" time="48.126" errors="0" timestamp="2022-06-27T12:41:11 IST" skipped="0">
  <testcase classname="com.Mystore.TestCases.TC_AccountCreateTest_004" name="verifyCreateAccount" time="48.126"/>
  <system-out/>
</testsuite> <!-- com.Mystore.TestCases.TC_AccountCreateTest_004 -->
