<?xml version="1.0" encoding="UTF-8"?>
<!-- Generated by org.testng.reporters.JUnitReportReporter -->
<testsuite hostname="DESKTOP-CFATBVO" failures="0" tests="2" name="com.Mystore.TestCases.TC_IndexPage_001" time="17.931" errors="0" timestamp="2022-06-25T17:58:18 IST" skipped="0">
  <testcase classname="com.Mystore.TestCases.TC_IndexPage_001" name="verifyTitle" time="10.756"/>
  <system-out/>
  <testcase classname="com.Mystore.TestCases.TC_IndexPage_001" name="verifyLogo" time="7.175"/>
  <system-out/>
</testsuite> <!-- com.Mystore.TestCases.TC_IndexPage_001 -->
