<?xml version="1.0" encoding="UTF-8"?>
<!-- Generated by org.testng.reporters.JUnitReportReporter -->
<testsuite hostname="DESKTOP-CFATBVO" failures="0" tests="1" name="com.Mystore.TestCases.TC_VerifyLogin_002" time="20.314" errors="0" timestamp="2022-06-25T18:30:38 IST" skipped="0">
  <testcase classname="com.Mystore.TestCases.TC_VerifyLogin_002" name="verifyLogin" time="20.314"/>
  <system-out/>
</testsuite> <!-- com.Mystore.TestCases.TC_VerifyLogin_002 -->
