<?xml version="1.0" encoding="UTF-8"?>
<!-- Generated by org.testng.reporters.JUnitReportReporter -->
<testsuite hostname="DESKTOP-CFATBVO" failures="0" tests="2" name="com.Mystore.TestCases.TC_VerifyWishlist_003" time="28.907" errors="0" timestamp="2022-06-25T18:38:30 IST" skipped="0">
  <testcase classname="com.Mystore.TestCases.TC_VerifyWishlist_003" name="verifyOrderHistory" time="15.762"/>
  <system-out/>
  <testcase classname="com.Mystore.TestCases.TC_VerifyWishlist_003" name="verifyWishList" time="13.145"/>
  <system-out/>
</testsuite> <!-- com.Mystore.TestCases.TC_VerifyWishlist_003 -->
